Feeder Started !!
Preparing to collect feed ...
Scheduled data feed ..
Polling ...
[ { expiryDate: 20180726,
    expiryDateTs: 1532581200000,
    underlying: 'NIFTY',
    open: 833,
    low: 820,
    high: 833.15,
    close: 836.05,
    type: 1,
    tradeDate: 20180725,
    tradeHour: 110319,
    tradeDateTs: 1532534599000,
    vol: 6450,
    oi: 124650,
    symbol: 'NFO:NIFTY18JUL10300CE' },
  { expiryDate: 20180726,
    expiryDateTs: 1532581200000,
    underlying: 'NIFTY',
    open: 1,
    low: 0.8,
    high: 1.05,
    close: 1.7,
    type: 2,
    tradeDate: 20180725,
    tradeHour: 110318,
    tradeDateTs: 1532534598000,
    vol: 144675,
    oi: 1420500,
    symbol: 'NFO:NIFTY18JUL10300PE' },
  { expiryDate: 20180726,
    expiryDateTs: 1532581200000,
    underlying: 'NIFTY',
    open: 734,
    low: 720.1,
    high: 735.2,
    close: 737.25,
    type: 1,
    tradeDate: 20180725,
    tradeHour: 110315,
    tradeDateTs: 1532534595000,
    vol: 12825,
    oi: 97050,
    symbol: 'NFO:NIFTY18JUL10400CE' },
  { expiryDate: 20180726,
    expiryDateTs: 1532581200000,
    underlying: 'NIFTY',
    open: 1.3,
    low: 1.05,
    high: 1.3,
    close: 2,
    type: 2,
    tradeDate: 20180725,
    tradeHour: 110316,
    tradeDateTs: 1532534596000,
    vol: 196875,
    oi: 1984575,
    symbol: 'NFO:NIFTY18JUL10400PE' },
  { expiryDate: 20180726,
    expiryDateTs: 1532581200000,
    underlying: 'NIFTY',
    open: 679.4,
    low: 622.7,
    high: 683.55,
    close: 640.05,
    type: 1,
    tradeDate: 20180725,
    tradeHour: 110319,
    tradeDateTs: 1532534599000,
    vol: 76425,
    oi: 170925,
    symbol: 'NFO:NIFTY18JUL10500CE' },
  { expiryDate: 20180726,
    expiryDateTs: 1532581200000,
    underlying: 'NIFTY',
    open: 1.9,
    low: 1.15,
    high: 1.9,
    close: 2.2,
    type: 2,
    tradeDate: 20180725,
    tradeHour: 110319,
    tradeDateTs: 1532534599000,
    vol: 395475,
    oi: 2805225,
    symbol: 'NFO:NIFTY18JUL10500PE' },
  { expiryDate: 20180726,
    expiryDateTs: 1532581200000,
    underlying: 'NIFTY',
    open: 582.55,
    low: 523.1,
    high: 666.15,
    close: 544.05,
    type: 1,
    tradeDate: 20180725,
    tradeHour: 110319,
    tradeDateTs: 1532534599000,
    vol: 76650,
    oi: 353175,
    symbol: 'NFO:NIFTY18JUL10600CE' },
  { expiryDate: 20180726,
    expiryDateTs: 1532581200000,
    underlying: 'NIFTY',
    open: 1.95,
    low: 1.3,
    high: 1.95,
    close: 2.7,
    type: 2,
    tradeDate: 20180725,
    tradeHour: 110317,
    tradeDateTs: 1532534597000,
    vol: 798525,
    oi: 3679125,
    symbol: 'NFO:NIFTY18JUL10600PE' },
  { expiryDate: 20180726,
    expiryDateTs: 1532581200000,
    underlying: 'NIFTY',
    open: 475.4,
    low: 423.1,
    high: 475.45,
    close: 441.8,
    type: 1,
    tradeDate: 20180725,
    tradeHour: 110319,
    tradeDateTs: 1532534599000,
    vol: 129150,
    oi: 887325,
    symbol: 'NFO:NIFTY18JUL10700CE' },
  { expiryDate: 20180726,
    expiryDateTs: 1532581200000,
    underlying: 'NIFTY',
    open: 2.45,
    low: 1.4,
    high: 2.45,
    close: 3.1,
    type: 2,
    tradeDate: 20180725,
    tradeHour: 110319,
    tradeDateTs: 1532534599000,
    vol: 1399200,
    oi: 3043575,
    symbol: 'NFO:NIFTY18JUL10700PE' },
  { expiryDate: 20180726,
    expiryDateTs: 1532581200000,
    underlying: 'NIFTY',
    open: 378.85,
    low: 320.55,
    high: 378.9,
    close: 340.55,
    type: 1,
    tradeDate: 20180725,
    tradeHour: 110319,
    tradeDateTs: 1532534599000,
    vol: 137250,
    oi: 1310325,
    symbol: 'NFO:NIFTY18JUL10800CE' },
  { expiryDate: 20180726,
    expiryDateTs: 1532581200000,
    underlying: 'NIFTY',
    open: 2.9,
    low: 1.95,
    high: 2.9,
    close: 3.8,
    type: 2,
    tradeDate: 20180725,
    tradeHour: 110319,
    tradeDateTs: 1532534599000,
    vol: 1597350,
    oi: 3070800,
    symbol: 'NFO:NIFTY18JUL10800PE' },
  { expiryDate: 20180726,
    expiryDateTs: 1532581200000,
    underlying: 'NIFTY',
    open: 246.35,
    low: 221.05,
    high: 246.5,
    close: 241.1,
    type: 1,
    tradeDate: 20180725,
    tradeHour: 110318,
    tradeDateTs: 1532534598000,
    vol: 261750,
    oi: 1004100,
    symbol: 'NFO:NIFTY18JUL10900CE' },
  { expiryDate: 20180726,
    expiryDateTs: 1532581200000,
    underlying: 'NIFTY',
    open: 4.6,
    low: 3.2,
    high: 5,
    close: 5.7,
    type: 2,
    tradeDate: 20180725,
    tradeHour: 110319,
    tradeDateTs: 1532534599000,
    vol: 2851425,
    oi: 3704175,
    symbol: 'NFO:NIFTY18JUL10900PE' },
  { expiryDate: 20180726,
    expiryDateTs: 1532581200000,
    underlying: 'NIFTY',
    open: 154.45,
    low: 126.45,
    high: 157.55,
    close: 146.5,
    type: 1,
    tradeDate: 20180725,
    tradeHour: 110319,
    tradeDateTs: 1532534599000,
    vol: 1783500,
    oi: 1823400,
    symbol: 'NFO:NIFTY18JUL11000CE' },
  { expiryDate: 20180726,
    expiryDateTs: 1532581200000,
    underlying: 'NIFTY',
    open: 18,
    low: 7.3,
    high: 18,
    close: 11.05,
    type: 2,
    tradeDate: 20180725,
    tradeHour: 110319,
    tradeDateTs: 1532534599000,
    vol: 6389100,
    oi: 5647500,
    symbol: 'NFO:NIFTY18JUL11000PE' },
  { expiryDate: 20180726,
    expiryDateTs: 1532581200000,
    underlying: 'NIFTY',
    open: 68.15,
    low: 47.5,
    high: 68.15,
    close: 64.15,
    type: 1,
    tradeDate: 20180725,
    tradeHour: 110319,
    tradeDateTs: 1532534599000,
    vol: 6347175,
    oi: 2787750,
    symbol: 'NFO:NIFTY18JUL11100CE' },
  { expiryDate: 20180726,
    expiryDateTs: 1532581200000,
    underlying: 'NIFTY',
    open: 20.45,
    low: 20.2,
    high: 28.75,
    close: 25.75,
    type: 2,
    tradeDate: 20180725,
    tradeHour: 110319,
    tradeDateTs: 1532534599000,
    vol: 7549350,
    oi: 2890875,
    symbol: 'NFO:NIFTY18JUL11100PE' },
  { expiryDate: 20180726,
    expiryDateTs: 1532581200000,
    underlying: 'NIFTY',
    open: 23.05,
    low: 10.75,
    high: 23.05,
    close: 17.75,
    type: 1,
    tradeDate: 20180725,
    tradeHour: 110319,
    tradeDateTs: 1532534599000,
    vol: 7766175,
    oi: 4212600,
    symbol: 'NFO:NIFTY18JUL11200CE' },
  { expiryDate: 20180726,
    expiryDateTs: 1532581200000,
    underlying: 'NIFTY',
    open: 75.85,
    low: 67.2,
    high: 86.35,
    close: 74.35,
    type: 2,
    tradeDate: 20180725,
    tradeHour: 110319,
    tradeDateTs: 1532534599000,
    vol: 2115450,
    oi: 795525,
    symbol: 'NFO:NIFTY18JUL11200PE' },
  { expiryDate: 20180726,
    expiryDateTs: 1532581200000,
    underlying: 'NIFTY',
    open: 4.15,
    low: 1.45,
    high: 4.9,
    close: 2.7,
    type: 1,
    tradeDate: 20180725,
    tradeHour: 110319,
    tradeDateTs: 1532534599000,
    vol: 3762300,
    oi: 2348175,
    symbol: 'NFO:NIFTY18JUL11300CE' },
  { expiryDate: 20180726,
    expiryDateTs: 1532581200000,
    underlying: 'NIFTY',
    open: 186.15,
    low: 152.05,
    high: 189.95,
    close: 155.9,
    type: 2,
    tradeDate: 20180725,
    tradeHour: 110319,
    tradeDateTs: 1532534599000,
    vol: 218400,
    oi: 118050,
    symbol: 'NFO:NIFTY18JUL11300PE' },
  { expiryDate: 20180726,
    expiryDateTs: 1532581200000,
    underlying: 'NIFTY',
    open: 0.95,
    low: 0.7,
    high: 0.95,
    close: 1.15,
    type: 1,
    tradeDate: 20180725,
    tradeHour: 110319,
    tradeDateTs: 1532534599000,
    vol: 1437150,
    oi: 766875,
    symbol: 'NFO:NIFTY18JUL11400CE' },
  { expiryDate: 20180726,
    expiryDateTs: 1532581200000,
    underlying: 'NIFTY',
    open: 283.8,
    low: 252.6,
    high: 283.8,
    close: 256.95,
    type: 2,
    tradeDate: 20180725,
    tradeHour: 110319,
    tradeDateTs: 1532534599000,
    vol: 17250,
    oi: 18150,
    symbol: 'NFO:NIFTY18JUL11400PE' },
  { expiryDate: 20180726,
    expiryDateTs: 1532581200000,
    underlying: 'NIFTY',
    open: 0.65,
    low: 0.5,
    high: 2,
    close: 0.85,
    type: 1,
    tradeDate: 20180725,
    tradeHour: 110319,
    tradeDateTs: 1532534599000,
    vol: 391950,
    oi: 1687425,
    symbol: 'NFO:NIFTY18JUL11500CE' },
  { expiryDate: 20180726,
    expiryDateTs: 1532581200000,
    underlying: 'NIFTY',
    open: 383.25,
    low: 351.75,
    high: 392.75,
    close: 352.75,
    type: 2,
    tradeDate: 20180725,
    tradeHour: 110319,
    tradeDateTs: 1532534599000,
    vol: 54075,
    oi: 247950,
    symbol: 'NFO:NIFTY18JUL11500PE' },
  { expiryDate: 20180726,
    expiryDateTs: 1532581200000,
    underlying: 'NIFTY',
    open: 0.5,
    low: 0.45,
    high: 0.6,
    close: 0.85,
    type: 1,
    tradeDate: 20180725,
    tradeHour: 110308,
    tradeDateTs: 1532534588000,
    vol: 59700,
    oi: 421575,
    symbol: 'NFO:NIFTY18JUL11600CE' },
  { expiryDate: 20180726,
    expiryDateTs: 1532581200000,
    underlying: 'NIFTY',
    open: 0,
    low: 0,
    high: 0,
    close: 454.4,
    type: 2,
    tradeDate: 20180725,
    tradeHour: 110319,
    tradeDateTs: 1532534599000,
    vol: 0,
    oi: 8175,
    symbol: 'NFO:NIFTY18JUL11600PE' },
  { expiryDate: 20180726,
    expiryDateTs: 1532581200000,
    underlying: 'NIFTY',
    open: 0.5,
    low: 0.45,
    high: 0.6,
    close: 0.85,
    type: 1,
    tradeDate: 20180725,
    tradeHour: 110314,
    tradeDateTs: 1532534594000,
    vol: 2550,
    oi: 220200,
    symbol: 'NFO:NIFTY18JUL11700CE' },
  { expiryDate: 20180726,
    expiryDateTs: 1532581200000,
    underlying: 'NIFTY',
    open: 0,
    low: 0,
    high: 0,
    close: 557.35,
    type: 2,
    tradeDate: 20180725,
    tradeHour: 110319,
    tradeDateTs: 1532534599000,
    vol: 0,
    oi: 9525,
    symbol: 'NFO:NIFTY18JUL11700PE' },
  { expiryDate: 20180726,
    expiryDateTs: 1532581200000,
    underlying: 'NIFTY',
    open: 0.6,
    low: 0.45,
    high: 0.6,
    close: 0.7,
    type: 1,
    tradeDate: 20180725,
    tradeHour: 110201,
    tradeDateTs: 1532534521000,
    vol: 900,
    oi: 63450,
    symbol: 'NFO:NIFTY18JUL11800CE' },
  { expiryDate: 20180726,
    expiryDateTs: 1532581200000,
    underlying: 'NIFTY',
    open: 660.65,
    low: 660.65,
    high: 660.65,
    close: 651.75,
    type: 2,
    tradeDate: 20180725,
    tradeHour: 110315,
    tradeDateTs: 1532534595000,
    vol: 75,
    oi: 1800,
    symbol: 'NFO:NIFTY18JUL11800PE' },
  { expiryDate: 20180726,
    expiryDateTs: 1532581200000,
    underlying: 'NIFTY',
    open: 0.65,
    low: 0.4,
    high: 0.65,
    close: 0.65,
    type: 1,
    tradeDate: 20180725,
    tradeHour: 110232,
    tradeDateTs: 1532534552000,
    vol: 1500,
    oi: 277275,
    symbol: 'NFO:NIFTY18JUL11900CE' },
  { expiryDate: 20180726,
    expiryDateTs: 1532581200000,
    underlying: 'NIFTY',
    open: 0,
    low: 0,
    high: 0,
    close: 748.15,
    type: 2,
    tradeDate: 20180725,
    tradeHour: 110234,
    tradeDateTs: 1532534554000,
    vol: 0,
    oi: 675,
    symbol: 'NFO:NIFTY18JUL11900PE' },
  { expiryDate: 20180726,
    expiryDateTs: 1532581200000,
    underlying: 'NIFTY',
    open: 0.4,
    low: 0.4,
    high: 0.55,
    close: 0.75,
    type: 1,
    tradeDate: 20180725,
    tradeHour: 110215,
    tradeDateTs: 1532534535000,
    vol: 60600,
    oi: 758775,
    symbol: 'NFO:NIFTY18JUL12000CE' },
  { expiryDate: 20180726,
    expiryDateTs: 1532581200000,
    underlying: 'NIFTY',
    open: 856,
    low: 852.4,
    high: 871.5,
    close: 854.1,
    type: 2,
    tradeDate: 20180725,
    tradeHour: 110319,
    tradeDateTs: 1532534599000,
    vol: 58950,
    oi: 524100,
    symbol: 'NFO:NIFTY18JUL12000PE' },
  { expiryDate: 20180726,
    expiryDateTs: 1532581200000,
    underlying: 'NIFTY',
    open: 1,
    low: 0.75,
    high: 1,
    close: 0.75,
    type: 1,
    tradeDate: 20180725,
    tradeHour: 103110,
    tradeDateTs: 1532532670000,
    vol: 300,
    oi: 33150,
    symbol: 'NFO:NIFTY18JUL12100CE' },
  { expiryDate: 20180726,
    expiryDateTs: 1532581200000,
    underlying: 'NIFTY',
    open: 960.5,
    low: 960.5,
    high: 961.4,
    close: 997,
    type: 2,
    tradeDate: 20180725,
    tradeHour: 110319,
    tradeDateTs: 1532534599000,
    vol: 225,
    oi: 375,
    symbol: 'NFO:NIFTY18JUL12100PE' },
  { expiryDate: 20180726,
    expiryDateTs: 1532581200000,
    underlying: 'NIFTY',
    open: 11158,
    low: 11120.15,
    high: 11167.8,
    close: 11142,
    type: 0,
    tradeDate: 20180725,
    tradeHour: 110319,
    tradeDateTs: 1532534599000,
    vol: 2261100,
    oi: 18813600,
    symbol: 'NFO:NIFTY18JULFUT' },
  { expiryDate: 20180726,
    expiryDateTs: 1532581200000,
    underlying: 'BANKNIFTY',
    open: 0,
    low: 0,
    high: 0,
    close: 1155.1,
    type: 1,
    tradeDate: 20180725,
    tradeHour: 110320,
    tradeDateTs: 1532534600000,
    vol: 0,
    oi: 800,
    symbol: 'NFO:BANKNIFTY18JUL25800CE' },
  { expiryDate: 20180726,
    expiryDateTs: 1532581200000,
    underlying: 'BANKNIFTY',
    open: 2.85,
    low: 2.75,
    high: 3.5,
    close: 5.75,
    type: 2,
    tradeDate: 20180725,
    tradeHour: 110313,
    tradeDateTs: 1532534593000,
    vol: 85640,
    oi: 91200,
    symbol: 'NFO:BANKNIFTY18JUL25800PE' },
  { expiryDate: 20180726,
    expiryDateTs: 1532581200000,
    underlying: 'BANKNIFTY',
    open: 1087.65,
    low: 1087.65,
    high: 1088.65,
    close: 1136.2,
    type: 1,
    tradeDate: 20180725,
    tradeHour: 110320,
    tradeDateTs: 1532534600000,
    vol: 120,
    oi: 880,
    symbol: 'NFO:BANKNIFTY18JUL25900CE' },
  { expiryDate: 20180726,
    expiryDateTs: 1532581200000,
    underlying: 'BANKNIFTY',
    open: 4,
    low: 2.75,
    high: 4,
    close: 6,
    type: 2,
    tradeDate: 20180725,
    tradeHour: 110319,
    tradeDateTs: 1532534599000,
    vol: 131680,
    oi: 90200,
    symbol: 'NFO:BANKNIFTY18JUL25900PE' },
  { expiryDate: 20180726,
    expiryDateTs: 1532581200000,
    underlying: 'BANKNIFTY',
    open: 1110.95,
    low: 985,
    high: 1225.1,
    close: 1024.7,
    type: 1,
    tradeDate: 20180725,
    tradeHour: 110320,
    tradeDateTs: 1532534600000,
    vol: 2600,
    oi: 44280,
    symbol: 'NFO:BANKNIFTY18JUL26000CE' },
  { expiryDate: 20180726,
    expiryDateTs: 1532581200000,
    underlying: 'BANKNIFTY',
    open: 5.9,
    low: 2.95,
    high: 5.9,
    close: 6.55,
    type: 2,
    tradeDate: 20180725,
    tradeHour: 110320,
    tradeDateTs: 1532534600000,
    vol: 276960,
    oi: 565080,
    symbol: 'NFO:BANKNIFTY18JUL26000PE' },
  { expiryDate: 20180726,
    expiryDateTs: 1532581200000,
    underlying: 'BANKNIFTY',
    open: 1089.35,
    low: 897.25,
    high: 1089.35,
    close: 930.45,
    type: 1,
    tradeDate: 20180725,
    tradeHour: 110320,
    tradeDateTs: 1532534600000,
    vol: 400,
    oi: 2080,
    symbol: 'NFO:BANKNIFTY18JUL26100CE' },
  { expiryDate: 20180726,
    expiryDateTs: 1532581200000,
    underlying: 'BANKNIFTY',
    open: 6.95,
    low: 3.15,
    high: 6.95,
    close: 7.05,
    type: 2,
    tradeDate: 20180725,
    tradeHour: 110320,
    tradeDateTs: 1532534600000,
    vol: 201960,
    oi: 115880,
    symbol: 'NFO:BANKNIFTY18JUL26100PE' },
  { expiryDate: 20180726,
    expiryDateTs: 1532581200000,
    underlying: 'BANKNIFTY',
    open: 825,
    low: 795,
    high: 825,
    close: 827,
    type: 1,
    tradeDate: 20180725,
    tradeHour: 110320,
    tradeDateTs: 1532534600000,
    vol: 200,
    oi: 9320,
    symbol: 'NFO:BANKNIFTY18JUL26200CE' },
  { expiryDate: 20180726,
    expiryDateTs: 1532581200000,
    underlying: 'BANKNIFTY',
    open: 7,
    low: 3,
    high: 7,
    close: 7.45,
    type: 2,
    tradeDate: 20180725,
    tradeHour: 110319,
    tradeDateTs: 1532534599000,
    vol: 276280,
    oi: 133920,
    symbol: 'NFO:BANKNIFTY18JUL26200PE' },
  { expiryDate: 20180726,
    expiryDateTs: 1532581200000,
    underlying: 'BANKNIFTY',
    open: 816.15,
    low: 706,
    high: 927.15,
    close: 722.5,
    type: 1,
    tradeDate: 20180725,
    tradeHour: 110320,
    tradeDateTs: 1532534600000,
    vol: 400,
    oi: 8760,
    symbol: 'NFO:BANKNIFTY18JUL26300CE' },
  { expiryDate: 20180726,
    expiryDateTs: 1532581200000,
    underlying: 'BANKNIFTY',
    open: 7.5,
    low: 4.05,
    high: 7.5,
    close: 8.45,
    type: 2,
    tradeDate: 20180725,
    tradeHour: 110319,
    tradeDateTs: 1532534599000,
    vol: 287400,
    oi: 149160,
    symbol: 'NFO:BANKNIFTY18JUL26300PE' },
  { expiryDate: 20180726,
    expiryDateTs: 1532581200000,
    underlying: 'BANKNIFTY',
    open: 827.35,
    low: 590,
    high: 827.5,
    close: 632.95,
    type: 1,
    tradeDate: 20180725,
    tradeHour: 110319,
    tradeDateTs: 1532534599000,
    vol: 800,
    oi: 18520,
    symbol: 'NFO:BANKNIFTY18JUL26400CE' },
  { expiryDate: 20180726,
    expiryDateTs: 1532581200000,
    underlying: 'BANKNIFTY',
    open: 9,
    low: 5,
    high: 9.25,
    close: 10.2,
    type: 2,
    tradeDate: 20180725,
    tradeHour: 110319,
    tradeDateTs: 1532534599000,
    vol: 585280,
    oi: 246640,
    symbol: 'NFO:BANKNIFTY18JUL26400PE' },
  { expiryDate: 20180726,
    expiryDateTs: 1532581200000,
    underlying: 'BANKNIFTY',
    open: 545.9,
    low: 489.35,
    high: 555,
    close: 537.4,
    type: 1,
    tradeDate: 20180725,
    tradeHour: 110319,
    tradeDateTs: 1532534599000,
    vol: 34640,
    oi: 106360,
    symbol: 'NFO:BANKNIFTY18JUL26500CE' },
  { expiryDate: 20180726,
    expiryDateTs: 1532581200000,
    underlying: 'BANKNIFTY',
    open: 9.9,
    low: 7.95,
    high: 13.7,
    close: 14.15,
    type: 2,
    tradeDate: 20180725,
    tradeHour: 110320,
    tradeDateTs: 1532534600000,
    vol: 1118680,
    oi: 745640,
    symbol: 'NFO:BANKNIFTY18JUL26500PE' },
  { expiryDate: 20180726,
    expiryDateTs: 1532581200000,
    underlying: 'BANKNIFTY',
    open: 555.35,
    low: 400.1,
    high: 555.4,
    close: 441.3,
    type: 1,
    tradeDate: 20180725,
    tradeHour: 110319,
    tradeDateTs: 1532534599000,
    vol: 5440,
    oi: 13080,
    symbol: 'NFO:BANKNIFTY18JUL26600CE' },
  { expiryDate: 20180726,
    expiryDateTs: 1532581200000,
    underlying: 'BANKNIFTY',
    open: 16.4,
    low: 12.25,
    high: 20.75,
    close: 19.7,
    type: 2,
    tradeDate: 20180725,
    tradeHour: 110319,
    tradeDateTs: 1532534599000,
    vol: 1738760,
    oi: 477800,
    symbol: 'NFO:BANKNIFTY18JUL26600PE' },
  { expiryDate: 20180726,
    expiryDateTs: 1532581200000,
    underlying: 'BANKNIFTY',
    open: 425.75,
    low: 305.1,
    high: 510.1,
    close: 353.35,
    type: 1,
    tradeDate: 20180725,
    tradeHour: 110319,
    tradeDateTs: 1532534599000,
    vol: 34200,
    oi: 27040,
    symbol: 'NFO:BANKNIFTY18JUL26700CE' },
  { expiryDate: 20180726,
    expiryDateTs: 1532581200000,
    underlying: 'BANKNIFTY',
    open: 25.05,
    low: 18.9,
    high: 32.9,
    close: 28.15,
    type: 2,
    tradeDate: 20180725,
    tradeHour: 110319,
    tradeDateTs: 1532534599000,
    vol: 2174760,
    oi: 513320,
    symbol: 'NFO:BANKNIFTY18JUL26700PE' },
  { expiryDate: 20180726,
    expiryDateTs: 1532581200000,
    underlying: 'BANKNIFTY',
    open: 287.25,
    low: 222.45,
    high: 290.7,
    close: 271.6,
    type: 1,
    tradeDate: 20180725,
    tradeHour: 110320,
    tradeDateTs: 1532534600000,
    vol: 275520,
    oi: 90280,
    symbol: 'NFO:BANKNIFTY18JUL26800CE' },
  { expiryDate: 20180726,
    expiryDateTs: 1532581200000,
    underlying: 'BANKNIFTY',
    open: 21.25,
    low: 21.25,
    high: 51.4,
    close: 42.5,
    type: 2,
    tradeDate: 20180725,
    tradeHour: 110319,
    tradeDateTs: 1532534599000,
    vol: 3286520,
    oi: 867720,
    symbol: 'NFO:BANKNIFTY18JUL26800PE' },
  { expiryDate: 20180726,
    expiryDateTs: 1532581200000,
    underlying: 'BANKNIFTY',
    open: 224,
    low: 155,
    high: 231.85,
    close: 195.05,
    type: 1,
    tradeDate: 20180725,
    tradeHour: 110319,
    tradeDateTs: 1532534599000,
    vol: 685240,
    oi: 248400,
    symbol: 'NFO:BANKNIFTY18JUL26900CE' },
  { expiryDate: 20180726,
    expiryDateTs: 1532581200000,
    underlying: 'BANKNIFTY',
    open: 80.05,
    low: 40.45,
    high: 80.05,
    close: 64.55,
    type: 2,
    tradeDate: 20180725,
    tradeHour: 110319,
    tradeDateTs: 1532534599000,
    vol: 4350440,
    oi: 858440,
    symbol: 'NFO:BANKNIFTY18JUL26900PE' },
  { expiryDate: 20180726,
    expiryDateTs: 1532581200000,
    underlying: 'BANKNIFTY',
    open: 139.5,
    low: 101.65,
    high: 145,
    close: 133.5,
    type: 1,
    tradeDate: 20180725,
    tradeHour: 110319,
    tradeDateTs: 1532534599000,
    vol: 2826720,
    oi: 1048800,
    symbol: 'NFO:BANKNIFTY18JUL27000CE' },
  { expiryDate: 20180726,
    expiryDateTs: 1532581200000,
    underlying: 'BANKNIFTY',
    open: 86.45,
    low: 70.35,
    high: 121.15,
    close: 98.15,
    type: 2,
    tradeDate: 20180725,
    tradeHour: 110319,
    tradeDateTs: 1532534599000,
    vol: 4149480,
    oi: 963360,
    symbol: 'NFO:BANKNIFTY18JUL27000PE' },
  { expiryDate: 20180726,
    expiryDateTs: 1532581200000,
    underlying: 'BANKNIFTY',
    open: 101.5,
    low: 62.75,
    high: 101.55,
    close: 88.8,
    type: 1,
    tradeDate: 20180725,
    tradeHour: 110319,
    tradeDateTs: 1532534599000,
    vol: 4413480,
    oi: 1005160,
    symbol: 'NFO:BANKNIFTY18JUL27100CE' },
  { expiryDate: 20180726,
    expiryDateTs: 1532581200000,
    underlying: 'BANKNIFTY',
    open: 108.95,
    low: 108.95,
    high: 178.7,
    close: 148.25,
    type: 2,
    tradeDate: 20180725,
    tradeHour: 110319,
    tradeDateTs: 1532534599000,
    vol: 1113840,
    oi: 274320,
    symbol: 'NFO:BANKNIFTY18JUL27100PE' },
  { expiryDate: 20180726,
    expiryDateTs: 1532581200000,
    underlying: 'BANKNIFTY',
    open: 60.5,
    low: 40,
    high: 60.8,
    close: 58.8,
    type: 1,
    tradeDate: 20180725,
    tradeHour: 110319,
    tradeDateTs: 1532534599000,
    vol: 4170240,
    oi: 1288200,
    symbol: 'NFO:BANKNIFTY18JUL27200CE' },
  { expiryDate: 20180726,
    expiryDateTs: 1532581200000,
    underlying: 'BANKNIFTY',
    open: 169.15,
    low: 169.15,
    high: 253,
    close: 215.75,
    type: 2,
    tradeDate: 20180725,
    tradeHour: 110319,
    tradeDateTs: 1532534599000,
    vol: 372880,
    oi: 89560,
    symbol: 'NFO:BANKNIFTY18JUL27200PE' },
  { expiryDate: 20180726,
    expiryDateTs: 1532581200000,
    underlying: 'BANKNIFTY',
    open: 34,
    low: 24,
    high: 39.85,
    close: 37.95,
    type: 1,
    tradeDate: 20180725,
    tradeHour: 110319,
    tradeDateTs: 1532534599000,
    vol: 2647040,
    oi: 777360,
    symbol: 'NFO:BANKNIFTY18JUL27300CE' },
  { expiryDate: 20180726,
    expiryDateTs: 1532581200000,
    underlying: 'BANKNIFTY',
    open: 373.75,
    low: 266.25,
    high: 380.75,
    close: 292.5,
    type: 2,
    tradeDate: 20180725,
    tradeHour: 110319,
    tradeDateTs: 1532534599000,
    vol: 88120,
    oi: 23600,
    symbol: 'NFO:BANKNIFTY18JUL27300PE' },
  { expiryDate: 20180726,
    expiryDateTs: 1532581200000,
    underlying: 'BANKNIFTY',
    open: 24.35,
    low: 14,
    high: 24.35,
    close: 25.05,
    type: 1,
    tradeDate: 20180725,
    tradeHour: 110319,
    tradeDateTs: 1532534599000,
    vol: 2207680,
    oi: 574480,
    symbol: 'NFO:BANKNIFTY18JUL27400CE' },
  { expiryDate: 20180726,
    expiryDateTs: 1532581200000,
    underlying: 'BANKNIFTY',
    open: 505.7,
    low: 355,
    high: 529.3,
    close: 380.25,
    type: 2,
    tradeDate: 20180725,
    tradeHour: 110320,
    tradeDateTs: 1532534600000,
    vol: 21200,
    oi: 6680,
    symbol: 'NFO:BANKNIFTY18JUL27400PE' },
  { expiryDate: 20180726,
    expiryDateTs: 1532581200000,
    underlying: 'BANKNIFTY',
    open: 15.85,
    low: 8,
    high: 15.95,
    close: 16.4,
    type: 1,
    tradeDate: 20180725,
    tradeHour: 110319,
    tradeDateTs: 1532534599000,
    vol: 1868480,
    oi: 1077240,
    symbol: 'NFO:BANKNIFTY18JUL27500CE' },
  { expiryDate: 20180726,
    expiryDateTs: 1532581200000,
    underlying: 'BANKNIFTY',
    open: 558.9,
    low: 449.2,
    high: 620.3,
    close: 475.6,
    type: 2,
    tradeDate: 20180725,
    tradeHour: 110319,
    tradeDateTs: 1532534599000,
    vol: 17200,
    oi: 36920,
    symbol: 'NFO:BANKNIFTY18JUL27500PE' },
  { expiryDate: 20180726,
    expiryDateTs: 1532581200000,
    underlying: 'BANKNIFTY',
    open: 9.45,
    low: 4.85,
    high: 9.45,
    close: 10.1,
    type: 1,
    tradeDate: 20180725,
    tradeHour: 110319,
    tradeDateTs: 1532534599000,
    vol: 744920,
    oi: 380120,
    symbol: 'NFO:BANKNIFTY18JUL27600CE' },
  { expiryDate: 20180726,
    expiryDateTs: 1532581200000,
    underlying: 'BANKNIFTY',
    open: 713.85,
    low: 592.1,
    high: 713.9,
    close: 570,
    type: 2,
    tradeDate: 20180725,
    tradeHour: 110319,
    tradeDateTs: 1532534599000,
    vol: 200,
    oi: 200,
    symbol: 'NFO:BANKNIFTY18JUL27600PE' },
  { expiryDate: 20180726,
    expiryDateTs: 1532581200000,
    underlying: 'BANKNIFTY',
    open: 8.3,
    low: 3.2,
    high: 9.3,
    close: 6.75,
    type: 1,
    tradeDate: 20180725,
    tradeHour: 110319,
    tradeDateTs: 1532534599000,
    vol: 532520,
    oi: 229120,
    symbol: 'NFO:BANKNIFTY18JUL27700CE' },
  { expiryDate: 20180726,
    expiryDateTs: 1532581200000,
    underlying: 'BANKNIFTY',
    open: 822.7,
    low: 822.7,
    high: 827.5,
    close: 739.3,
    type: 2,
    tradeDate: 20180725,
    tradeHour: 110319,
    tradeDateTs: 1532534599000,
    vol: 640,
    oi: 80,
    symbol: 'NFO:BANKNIFTY18JUL27700PE' },
  { expiryDate: 20180726,
    expiryDateTs: 1532581200000,
    underlying: 'BANKNIFTY',
    open: 4.5,
    low: 2.45,
    high: 4.5,
    close: 4.95,
    type: 1,
    tradeDate: 20180725,
    tradeHour: 110319,
    tradeDateTs: 1532534599000,
    vol: 316560,
    oi: 150560,
    symbol: 'NFO:BANKNIFTY18JUL27800CE' },
  { expiryDate: 20180726,
    expiryDateTs: 1532581200000,
    underlying: 'BANKNIFTY',
    open: 945.5,
    low: 944.1,
    high: 945.5,
    close: 652.05,
    type: 2,
    tradeDate: 20180725,
    tradeHour: 110314,
    tradeDateTs: 1532534594000,
    vol: 320,
    oi: 320,
    symbol: 'NFO:BANKNIFTY18JUL27800PE' },
  { expiryDate: 20180726,
    expiryDateTs: 1532581200000,
    underlying: 'BANKNIFTY',
    open: 3.8,
    low: 2,
    high: 3.8,
    close: 4,
    type: 1,
    tradeDate: 20180725,
    tradeHour: 110319,
    tradeDateTs: 1532534599000,
    vol: 174600,
    oi: 65320,
    symbol: 'NFO:BANKNIFTY18JUL27900CE' },
  { expiryDate: 20180726,
    expiryDateTs: 1532581200000,
    underlying: 'BANKNIFTY',
    open: 1044.8,
    low: 868.8,
    high: 1044.8,
    close: 726.7,
    type: 2,
    tradeDate: 20180725,
    tradeHour: 110319,
    tradeDateTs: 1532534599000,
    vol: 680,
    oi: 760,
    symbol: 'NFO:BANKNIFTY18JUL27900PE' },
  { expiryDate: 20180726,
    expiryDateTs: 1532581200000,
    underlying: 'BANKNIFTY',
    open: 2.85,
    low: 1.75,
    high: 2.85,
    close: 3.75,
    type: 1,
    tradeDate: 20180725,
    tradeHour: 110319,
    tradeDateTs: 1532534599000,
    vol: 273280,
    oi: 336000,
    symbol: 'NFO:BANKNIFTY18JUL28000CE' },
  { expiryDate: 20180726,
    expiryDateTs: 1532581200000,
    underlying: 'BANKNIFTY',
    open: 1107.25,
    low: 942.85,
    high: 1107.3,
    close: 959.85,
    type: 2,
    tradeDate: 20180725,
    tradeHour: 110319,
    tradeDateTs: 1532534599000,
    vol: 6360,
    oi: 24000,
    symbol: 'NFO:BANKNIFTY18JUL28000PE' },
  { expiryDate: 20180726,
    expiryDateTs: 1532581200000,
    underlying: 'BANKNIFTY',
    open: 2.9,
    low: 1.35,
    high: 2.9,
    close: 3.3,
    type: 1,
    tradeDate: 20180725,
    tradeHour: 110319,
    tradeDateTs: 1532534599000,
    vol: 32200,
    oi: 23200,
    symbol: 'NFO:BANKNIFTY18JUL28100CE' },
  { expiryDate: 20180726,
    expiryDateTs: 1532581200000,
    underlying: 'BANKNIFTY',
    open: 0,
    low: 0,
    high: 0,
    close: 1030.55,
    type: 2,
    tradeDate: 20180725,
    tradeHour: 110319,
    tradeDateTs: 1532534599000,
    vol: 0,
    oi: 0,
    symbol: 'NFO:BANKNIFTY18JUL28100PE' },
  { expiryDate: 20180726,
    expiryDateTs: 1532581200000,
    underlying: 'BANKNIFTY',
    open: 0.9,
    low: 0.8,
    high: 2.45,
    close: 3,
    type: 1,
    tradeDate: 20180725,
    tradeHour: 110319,
    tradeDateTs: 1532534599000,
    vol: 10200,
    oi: 16320,
    symbol: 'NFO:BANKNIFTY18JUL28200CE' },
  { expiryDate: 20180726,
    expiryDateTs: 1532581200000,
    underlying: 'BANKNIFTY',
    open: 0,
    low: 0,
    high: 0,
    close: 1477.35,
    type: 2,
    tradeDate: 20180725,
    tradeHour: 105957,
    tradeDateTs: 1532534397000,
    vol: 0,
    oi: 0,
    symbol: 'NFO:BANKNIFTY18JUL28200PE' },
  { expiryDate: 20180726,
    expiryDateTs: 1532581200000,
    underlying: 'BANKNIFTY',
    open: 2.05,
    low: 1.15,
    high: 2.35,
    close: 2.9,
    type: 1,
    tradeDate: 20180725,
    tradeHour: 110319,
    tradeDateTs: 1532534599000,
    vol: 15000,
    oi: 7520,
    symbol: 'NFO:BANKNIFTY18JUL28300CE' },
  { expiryDate: 20180726,
    expiryDateTs: 1532581200000,
    underlying: 'BANKNIFTY',
    open: 0,
    low: 0,
    high: 0,
    close: 1425.25,
    type: 2,
    tradeDate: 20180725,
    tradeHour: 105950,
    tradeDateTs: 1532534390000,
    vol: 0,
    oi: 0,
    symbol: 'NFO:BANKNIFTY18JUL28300PE' },
  { expiryDate: 20180726,
    expiryDateTs: 1532581200000,
    underlying: 'BANKNIFTY',
    open: 0,
    low: 0,
    high: 0,
    close: 381.75,
    type: 1,
    tradeDate: 20180725,
    tradeHour: 104545,
    tradeDateTs: 1532533545000,
    vol: 0,
    oi: 0,
    symbol: 'NFO:BANKNIFTY18JUL28400CE' },
  { expiryDate: 20180726,
    expiryDateTs: 1532581200000,
    underlying: 'BANKNIFTY',
    open: 0,
    low: 0,
    high: 0,
    close: 1495.45,
    type: 2,
    tradeDate: 20180725,
    tradeHour: 103313,
    tradeDateTs: 1532532793000,
    vol: 0,
    oi: 0,
    symbol: 'NFO:BANKNIFTY18JUL28400PE' },
  { expiryDate: 20180726,
    expiryDateTs: 1532581200000,
    underlying: 'BANKNIFTY',
    open: 27077.7,
    low: 26980.25,
    high: 27089,
    close: 27031.05,
    type: 0,
    tradeDate: 20180725,
    tradeHour: 110319,
    tradeDateTs: 1532534599000,
    vol: 721040,
    oi: 1517000,
    symbol: 'NFO:BANKNIFTY18JULFUT' } ]
Inserting  94
Data inserted !! 94
Data inserted !!
Polling ...
[ { expiryDate: 20180726,
    expiryDateTs: 1532581200000,
    underlying: 'NIFTY',
    open: 833,
    low: 820,
    high: 833.15,
    close: 836.05,
    type: 1,
    tradeDate: 20180725,
    tradeHour: 110817,
    tradeDateTs: 1532534897000,
    vol: 6450,
    oi: 124650,
    symbol: 'NFO:NIFTY18JUL10300CE' },
  { expiryDate: 20180726,
    expiryDateTs: 1532581200000,
    underlying: 'NIFTY',
    open: 1,
    low: 0.8,
    high: 1.05,
    close: 1.7,
    type: 2,
    tradeDate: 20180725,
    tradeHour: 110818,
    tradeDateTs: 1532534898000,
    vol: 148200,
    oi: 1420950,
    symbol: 'NFO:NIFTY18JUL10300PE' },
  { expiryDate: 20180726,
    expiryDateTs: 1532581200000,
    underlying: 'NIFTY',
    open: 734,
    low: 720.1,
    high: 735.2,
    close: 737.25,
    type: 1,
    tradeDate: 20180725,
    tradeHour: 110817,
    tradeDateTs: 1532534897000,
    vol: 14100,
    oi: 96900,
    symbol: 'NFO:NIFTY18JUL10400CE' },
  { expiryDate: 20180726,
    expiryDateTs: 1532581200000,
    underlying: 'NIFTY',
    open: 1.3,
    low: 1.05,
    high: 1.3,
    close: 2,
    type: 2,
    tradeDate: 20180725,
    tradeHour: 110815,
    tradeDateTs: 1532534895000,
    vol: 199200,
    oi: 1985775,
    symbol: 'NFO:NIFTY18JUL10400PE' },
  { expiryDate: 20180726,
    expiryDateTs: 1532581200000,
    underlying: 'NIFTY',
    open: 679.4,
    low: 622.7,
    high: 683.55,
    close: 640.05,
    type: 1,
    tradeDate: 20180725,
    tradeHour: 110819,
    tradeDateTs: 1532534899000,
    vol: 80400,
    oi: 171225,
    symbol: 'NFO:NIFTY18JUL10500CE' },
  { expiryDate: 20180726,
    expiryDateTs: 1532581200000,
    underlying: 'NIFTY',
    open: 1.9,
    low: 1.15,
    high: 1.9,
    close: 2.2,
    type: 2,
    tradeDate: 20180725,
    tradeHour: 110815,
    tradeDateTs: 1532534895000,
    vol: 426900,
    oi: 2792175,
    symbol: 'NFO:NIFTY18JUL10500PE' },
  { expiryDate: 20180726,
    expiryDateTs: 1532581200000,
    underlying: 'NIFTY',
    open: 582.55,
    low: 523.1,
    high: 666.15,
    close: 544.05,
    type: 1,
    tradeDate: 20180725,
    tradeHour: 110818,
    tradeDateTs: 1532534898000,
    vol: 77550,
    oi: 353025,
    symbol: 'NFO:NIFTY18JUL10600CE' },
  { expiryDate: 20180726,
    expiryDateTs: 1532581200000,
    underlying: 'NIFTY',
    open: 1.95,
    low: 1.3,
    high: 1.95,
    close: 2.7,
    type: 2,
    tradeDate: 20180725,
    tradeHour: 110815,
    tradeDateTs: 1532534895000,
    vol: 805575,
    oi: 3678000,
    symbol: 'NFO:NIFTY18JUL10600PE' },
  { expiryDate: 20180726,
    expiryDateTs: 1532581200000,
    underlying: 'NIFTY',
    open: 475.4,
    low: 423.1,
    high: 475.45,
    close: 441.8,
    type: 1,
    tradeDate: 20180725,
    tradeHour: 110818,
    tradeDateTs: 1532534898000,
    vol: 136050,
    oi: 889050,
    symbol: 'NFO:NIFTY18JUL10700CE' },
  { expiryDate: 20180726,
    expiryDateTs: 1532581200000,
    underlying: 'NIFTY',
    open: 2.45,
    low: 1.4,
    high: 2.45,
    close: 3.1,
    type: 2,
    tradeDate: 20180725,
    tradeHour: 110818,
    tradeDateTs: 1532534898000,
    vol: 1438275,
    oi: 3023025,
    symbol: 'NFO:NIFTY18JUL10700PE' },
  { expiryDate: 20180726,
    expiryDateTs: 1532581200000,
    underlying: 'NIFTY',
    open: 378.85,
    low: 320.55,
    high: 378.9,
    close: 340.55,
    type: 1,
    tradeDate: 20180725,
    tradeHour: 110818,
    tradeDateTs: 1532534898000,
    vol: 146850,
    oi: 1308750,
    symbol: 'NFO:NIFTY18JUL10800CE' },
  { expiryDate: 20180726,
    expiryDateTs: 1532581200000,
    underlying: 'NIFTY',
    open: 2.9,
    low: 1.95,
    high: 2.9,
    close: 3.8,
    type: 2,
    tradeDate: 20180725,
    tradeHour: 110818,
    tradeDateTs: 1532534898000,
    vol: 1627650,
    oi: 3081000,
    symbol: 'NFO:NIFTY18JUL10800PE' },
  { expiryDate: 20180726,
    expiryDateTs: 1532581200000,
    underlying: 'NIFTY',
    open: 246.35,
    low: 221.05,
    high: 246.5,
    close: 241.1,
    type: 1,
    tradeDate: 20180725,
    tradeHour: 110818,
    tradeDateTs: 1532534898000,
    vol: 285375,
    oi: 978750,
    symbol: 'NFO:NIFTY18JUL10900CE' },
  { expiryDate: 20180726,
    expiryDateTs: 1532581200000,
    underlying: 'NIFTY',
    open: 4.6,
    low: 3.2,
    high: 5,
    close: 5.7,
    type: 2,
    tradeDate: 20180725,
    tradeHour: 110818,
    tradeDateTs: 1532534898000,
    vol: 2896800,
    oi: 3707475,
    symbol: 'NFO:NIFTY18JUL10900PE' },
  { expiryDate: 20180726,
    expiryDateTs: 1532581200000,
    underlying: 'NIFTY',
    open: 154.45,
    low: 126.45,
    high: 157.55,
    close: 146.5,
    type: 1,
    tradeDate: 20180725,
    tradeHour: 110819,
    tradeDateTs: 1532534899000,
    vol: 1830750,
    oi: 1816200,
    symbol: 'NFO:NIFTY18JUL11000CE' },
  { expiryDate: 20180726,
    expiryDateTs: 1532581200000,
    underlying: 'NIFTY',
    open: 18,
    low: 7.3,
    high: 18,
    close: 11.05,
    type: 2,
    tradeDate: 20180725,
    tradeHour: 110818,
    tradeDateTs: 1532534898000,
    vol: 6512775,
    oi: 5662200,
    symbol: 'NFO:NIFTY18JUL11000PE' },
  { expiryDate: 20180726,
    expiryDateTs: 1532581200000,
    underlying: 'NIFTY',
    open: 68.15,
    low: 47.5,
    high: 68.15,
    close: 64.15,
    type: 1,
    tradeDate: 20180725,
    tradeHour: 110819,
    tradeDateTs: 1532534899000,
    vol: 6465150,
    oi: 2795025,
    symbol: 'NFO:NIFTY18JUL11100CE' },
  { expiryDate: 20180726,
    expiryDateTs: 1532581200000,
    underlying: 'NIFTY',
    open: 20.45,
    low: 20.2,
    high: 28.75,
    close: 25.75,
    type: 2,
    tradeDate: 20180725,
    tradeHour: 110819,
    tradeDateTs: 1532534899000,
    vol: 7750425,
    oi: 2876550,
    symbol: 'NFO:NIFTY18JUL11100PE' },
  { expiryDate: 20180726,
    expiryDateTs: 1532581200000,
    underlying: 'NIFTY',
    open: 23.05,
    low: 10.75,
    high: 23.05,
    close: 17.75,
    type: 1,
    tradeDate: 20180725,
    tradeHour: 110819,
    tradeDateTs: 1532534899000,
    vol: 7895700,
    oi: 4190175,
    symbol: 'NFO:NIFTY18JUL11200CE' },
  { expiryDate: 20180726,
    expiryDateTs: 1532581200000,
    underlying: 'NIFTY',
    open: 75.85,
    low: 67.2,
    high: 86.35,
    close: 74.35,
    type: 2,
    tradeDate: 20180725,
    tradeHour: 110819,
    tradeDateTs: 1532534899000,
    vol: 2158125,
    oi: 797475,
    symbol: 'NFO:NIFTY18JUL11200PE' },
  { expiryDate: 20180726,
    expiryDateTs: 1532581200000,
    underlying: 'NIFTY',
    open: 4.15,
    low: 1.45,
    high: 4.9,
    close: 2.7,
    type: 1,
    tradeDate: 20180725,
    tradeHour: 110819,
    tradeDateTs: 1532534899000,
    vol: 3848025,
    oi: 2361150,
    symbol: 'NFO:NIFTY18JUL11300CE' },
  { expiryDate: 20180726,
    expiryDateTs: 1532581200000,
    underlying: 'NIFTY',
    open: 186.15,
    low: 152.05,
    high: 189.95,
    close: 155.9,
    type: 2,
    tradeDate: 20180725,
    tradeHour: 110819,
    tradeDateTs: 1532534899000,
    vol: 233175,
    oi: 124125,
    symbol: 'NFO:NIFTY18JUL11300PE' },
  { expiryDate: 20180726,
    expiryDateTs: 1532581200000,
    underlying: 'NIFTY',
    open: 0.95,
    low: 0.7,
    high: 0.95,
    close: 1.15,
    type: 1,
    tradeDate: 20180725,
    tradeHour: 110815,
    tradeDateTs: 1532534895000,
    vol: 1441500,
    oi: 767175,
    symbol: 'NFO:NIFTY18JUL11400CE' },
  { expiryDate: 20180726,
    expiryDateTs: 1532581200000,
    underlying: 'NIFTY',
    open: 283.8,
    low: 252.6,
    high: 283.8,
    close: 256.95,
    type: 2,
    tradeDate: 20180725,
    tradeHour: 110819,
    tradeDateTs: 1532534899000,
    vol: 19950,
    oi: 18525,
    symbol: 'NFO:NIFTY18JUL11400PE' },
  { expiryDate: 20180726,
    expiryDateTs: 1532581200000,
    underlying: 'NIFTY',
    open: 0.65,
    low: 0.5,
    high: 2,
    close: 0.85,
    type: 1,
    tradeDate: 20180725,
    tradeHour: 110819,
    tradeDateTs: 1532534899000,
    vol: 436125,
    oi: 1688550,
    symbol: 'NFO:NIFTY18JUL11500CE' },
  { expiryDate: 20180726,
    expiryDateTs: 1532581200000,
    underlying: 'NIFTY',
    open: 383.25,
    low: 351.75,
    high: 392.75,
    close: 352.75,
    type: 2,
    tradeDate: 20180725,
    tradeHour: 110819,
    tradeDateTs: 1532534899000,
    vol: 72825,
    oi: 245775,
    symbol: 'NFO:NIFTY18JUL11500PE' },
  { expiryDate: 20180726,
    expiryDateTs: 1532581200000,
    underlying: 'NIFTY',
    open: 0.5,
    low: 0.45,
    high: 0.6,
    close: 0.85,
    type: 1,
    tradeDate: 20180725,
    tradeHour: 110813,
    tradeDateTs: 1532534893000,
    vol: 62250,
    oi: 422250,
    symbol: 'NFO:NIFTY18JUL11600CE' },
  { expiryDate: 20180726,
    expiryDateTs: 1532581200000,
    underlying: 'NIFTY',
    open: 0,
    low: 0,
    high: 0,
    close: 454.4,
    type: 2,
    tradeDate: 20180725,
    tradeHour: 110819,
    tradeDateTs: 1532534899000,
    vol: 0,
    oi: 8175,
    symbol: 'NFO:NIFTY18JUL11600PE' },
  { expiryDate: 20180726,
    expiryDateTs: 1532581200000,
    underlying: 'NIFTY',
    open: 0.5,
    low: 0.45,
    high: 0.6,
    close: 0.85,
    type: 1,
    tradeDate: 20180725,
    tradeHour: 110814,
    tradeDateTs: 1532534894000,
    vol: 2550,
    oi: 220200,
    symbol: 'NFO:NIFTY18JUL11700CE' },
  { expiryDate: 20180726,
    expiryDateTs: 1532581200000,
    underlying: 'NIFTY',
    open: 0,
    low: 0,
    high: 0,
    close: 557.35,
    type: 2,
    tradeDate: 20180725,
    tradeHour: 110803,
    tradeDateTs: 1532534883000,
    vol: 0,
    oi: 9525,
    symbol: 'NFO:NIFTY18JUL11700PE' },
  { expiryDate: 20180726,
    expiryDateTs: 1532581200000,
    underlying: 'NIFTY',
    open: 0.6,
    low: 0.45,
    high: 0.6,
    close: 0.7,
    type: 1,
    tradeDate: 20180725,
    tradeHour: 110201,
    tradeDateTs: 1532534521000,
    vol: 900,
    oi: 63450,
    symbol: 'NFO:NIFTY18JUL11800CE' },
  { expiryDate: 20180726,
    expiryDateTs: 1532581200000,
    underlying: 'NIFTY',
    open: 660.65,
    low: 660.65,
    high: 660.65,
    close: 651.75,
    type: 2,
    tradeDate: 20180725,
    tradeHour: 110815,
    tradeDateTs: 1532534895000,
    vol: 75,
    oi: 1800,
    symbol: 'NFO:NIFTY18JUL11800PE' },
  { expiryDate: 20180726,
    expiryDateTs: 1532581200000,
    underlying: 'NIFTY',
    open: 0.65,
    low: 0.4,
    high: 0.65,
    close: 0.65,
    type: 1,
    tradeDate: 20180725,
    tradeHour: 110526,
    tradeDateTs: 1532534726000,
    vol: 1500,
    oi: 277275,
    symbol: 'NFO:NIFTY18JUL11900CE' },
  { expiryDate: 20180726,
    expiryDateTs: 1532581200000,
    underlying: 'NIFTY',
    open: 0,
    low: 0,
    high: 0,
    close: 748.15,
    type: 2,
    tradeDate: 20180725,
    tradeHour: 110755,
    tradeDateTs: 1532534875000,
    vol: 0,
    oi: 675,
    symbol: 'NFO:NIFTY18JUL11900PE' },
  { expiryDate: 20180726,
    expiryDateTs: 1532581200000,
    underlying: 'NIFTY',
    open: 0.4,
    low: 0.4,
    high: 0.6,
    close: 0.75,
    type: 1,
    tradeDate: 20180725,
    tradeHour: 110819,
    tradeDateTs: 1532534899000,
    vol: 61425,
    oi: 759600,
    symbol: 'NFO:NIFTY18JUL12000CE' },
  { expiryDate: 20180726,
    expiryDateTs: 1532581200000,
    underlying: 'NIFTY',
    open: 856,
    low: 852.4,
    high: 871.5,
    close: 854.1,
    type: 2,
    tradeDate: 20180725,
    tradeHour: 110819,
    tradeDateTs: 1532534899000,
    vol: 63150,
    oi: 520575,
    symbol: 'NFO:NIFTY18JUL12000PE' },
  { expiryDate: 20180726,
    expiryDateTs: 1532581200000,
    underlying: 'NIFTY',
    open: 1,
    low: 0.75,
    high: 1,
    close: 0.75,
    type: 1,
    tradeDate: 20180725,
    tradeHour: 103110,
    tradeDateTs: 1532532670000,
    vol: 300,
    oi: 33150,
    symbol: 'NFO:NIFTY18JUL12100CE' },
  { expiryDate: 20180726,
    expiryDateTs: 1532581200000,
    underlying: 'NIFTY',
    open: 960.5,
    low: 960.5,
    high: 961.4,
    close: 997,
    type: 2,
    tradeDate: 20180725,
    tradeHour: 110816,
    tradeDateTs: 1532534896000,
    vol: 225,
    oi: 375,
    symbol: 'NFO:NIFTY18JUL12100PE' },
  { expiryDate: 20180726,
    expiryDateTs: 1532581200000,
    underlying: 'NIFTY',
    open: 11158,
    low: 11120.15,
    high: 11167.8,
    close: 11142,
    type: 0,
    tradeDate: 20180725,
    tradeHour: 110818,
    tradeDateTs: 1532534898000,
    vol: 2425500,
    oi: 18932025,
    symbol: 'NFO:NIFTY18JULFUT' },
  { expiryDate: 20180726,
    expiryDateTs: 1532581200000,
    underlying: 'BANKNIFTY',
    open: 0,
    low: 0,
    high: 0,
    close: 1155.1,
    type: 1,
    tradeDate: 20180725,
    tradeHour: 110812,
    tradeDateTs: 1532534892000,
    vol: 0,
    oi: 800,
    symbol: 'NFO:BANKNIFTY18JUL25800CE' },
  { expiryDate: 20180726,
    expiryDateTs: 1532581200000,
    underlying: 'BANKNIFTY',
    open: 2.85,
    low: 2.75,
    high: 3.5,
    close: 5.75,
    type: 2,
    tradeDate: 20180725,
    tradeHour: 110815,
    tradeDateTs: 1532534895000,
    vol: 85720,
    oi: 91880,
    symbol: 'NFO:BANKNIFTY18JUL25800PE' },
  { expiryDate: 20180726,
    expiryDateTs: 1532581200000,
    underlying: 'BANKNIFTY',
    open: 1087.65,
    low: 1087.65,
    high: 1088.65,
    close: 1136.2,
    type: 1,
    tradeDate: 20180725,
    tradeHour: 110818,
    tradeDateTs: 1532534898000,
    vol: 120,
    oi: 880,
    symbol: 'NFO:BANKNIFTY18JUL25900CE' },
  { expiryDate: 20180726,
    expiryDateTs: 1532581200000,
    underlying: 'BANKNIFTY',
    open: 4,
    low: 2.75,
    high: 4,
    close: 6,
    type: 2,
    tradeDate: 20180725,
    tradeHour: 110818,
    tradeDateTs: 1532534898000,
    vol: 132680,
    oi: 91160,
    symbol: 'NFO:BANKNIFTY18JUL25900PE' },
  { expiryDate: 20180726,
    expiryDateTs: 1532581200000,
    underlying: 'BANKNIFTY',
    open: 1110.95,
    low: 985,
    high: 1225.1,
    close: 1024.7,
    type: 1,
    tradeDate: 20180725,
    tradeHour: 110819,
    tradeDateTs: 1532534899000,
    vol: 2800,
    oi: 44360,
    symbol: 'NFO:BANKNIFTY18JUL26000CE' },
  { expiryDate: 20180726,
    expiryDateTs: 1532581200000,
    underlying: 'BANKNIFTY',
    open: 5.9,
    low: 2.95,
    high: 5.9,
    close: 6.55,
    type: 2,
    tradeDate: 20180725,
    tradeHour: 110815,
    tradeDateTs: 1532534895000,
    vol: 293640,
    oi: 563240,
    symbol: 'NFO:BANKNIFTY18JUL26000PE' },
  { expiryDate: 20180726,
    expiryDateTs: 1532581200000,
    underlying: 'BANKNIFTY',
    open: 1089.35,
    low: 897.25,
    high: 1089.35,
    close: 930.45,
    type: 1,
    tradeDate: 20180725,
    tradeHour: 110816,
    tradeDateTs: 1532534896000,
    vol: 400,
    oi: 2080,
    symbol: 'NFO:BANKNIFTY18JUL26100CE' },
  { expiryDate: 20180726,
    expiryDateTs: 1532581200000,
    underlying: 'BANKNIFTY',
    open: 6.95,
    low: 3.15,
    high: 6.95,
    close: 7.05,
    type: 2,
    tradeDate: 20180725,
    tradeHour: 110815,
    tradeDateTs: 1532534895000,
    vol: 204800,
    oi: 114080,
    symbol: 'NFO:BANKNIFTY18JUL26100PE' },
  { expiryDate: 20180726,
    expiryDateTs: 1532581200000,
    underlying: 'BANKNIFTY',
    open: 825,
    low: 795,
    high: 825,
    close: 827,
    type: 1,
    tradeDate: 20180725,
    tradeHour: 110819,
    tradeDateTs: 1532534899000,
    vol: 200,
    oi: 9320,
    symbol: 'NFO:BANKNIFTY18JUL26200CE' },
  { expiryDate: 20180726,
    expiryDateTs: 1532581200000,
    underlying: 'BANKNIFTY',
    open: 7,
    low: 3,
    high: 7,
    close: 7.45,
    type: 2,
    tradeDate: 20180725,
    tradeHour: 110818,
    tradeDateTs: 1532534898000,
    vol: 283720,
    oi: 129960,
    symbol: 'NFO:BANKNIFTY18JUL26200PE' },
  { expiryDate: 20180726,
    expiryDateTs: 1532581200000,
    underlying: 'BANKNIFTY',
    open: 816.15,
    low: 706,
    high: 927.15,
    close: 722.5,
    type: 1,
    tradeDate: 20180725,
    tradeHour: 110818,
    tradeDateTs: 1532534898000,
    vol: 400,
    oi: 8760,
    symbol: 'NFO:BANKNIFTY18JUL26300CE' },
  { expiryDate: 20180726,
    expiryDateTs: 1532581200000,
    underlying: 'BANKNIFTY',
    open: 7.5,
    low: 4.05,
    high: 7.5,
    close: 8.45,
    type: 2,
    tradeDate: 20180725,
    tradeHour: 110818,
    tradeDateTs: 1532534898000,
    vol: 295160,
    oi: 145440,
    symbol: 'NFO:BANKNIFTY18JUL26300PE' },
  { expiryDate: 20180726,
    expiryDateTs: 1532581200000,
    underlying: 'BANKNIFTY',
    open: 827.35,
    low: 590,
    high: 827.5,
    close: 632.95,
    type: 1,
    tradeDate: 20180725,
    tradeHour: 110819,
    tradeDateTs: 1532534899000,
    vol: 800,
    oi: 18520,
    symbol: 'NFO:BANKNIFTY18JUL26400CE' },
  { expiryDate: 20180726,
    expiryDateTs: 1532581200000,
    underlying: 'BANKNIFTY',
    open: 9,
    low: 5,
    high: 9.25,
    close: 10.2,
    type: 2,
    tradeDate: 20180725,
    tradeHour: 110817,
    tradeDateTs: 1532534897000,
    vol: 598480,
    oi: 243320,
    symbol: 'NFO:BANKNIFTY18JUL26400PE' },
  { expiryDate: 20180726,
    expiryDateTs: 1532581200000,
    underlying: 'BANKNIFTY',
    open: 545.9,
    low: 489.35,
    high: 555,
    close: 537.4,
    type: 1,
    tradeDate: 20180725,
    tradeHour: 110819,
    tradeDateTs: 1532534899000,
    vol: 34760,
    oi: 106320,
    symbol: 'NFO:BANKNIFTY18JUL26500CE' },
  { expiryDate: 20180726,
    expiryDateTs: 1532581200000,
    underlying: 'BANKNIFTY',
    open: 9.9,
    low: 7.95,
    high: 13.7,
    close: 14.15,
    type: 2,
    tradeDate: 20180725,
    tradeHour: 110819,
    tradeDateTs: 1532534899000,
    vol: 1146400,
    oi: 744080,
    symbol: 'NFO:BANKNIFTY18JUL26500PE' },
  { expiryDate: 20180726,
    expiryDateTs: 1532581200000,
    underlying: 'BANKNIFTY',
    open: 555.35,
    low: 400.1,
    high: 555.4,
    close: 441.3,
    type: 1,
    tradeDate: 20180725,
    tradeHour: 110819,
    tradeDateTs: 1532534899000,
    vol: 5440,
    oi: 13080,
    symbol: 'NFO:BANKNIFTY18JUL26600CE' },
  { expiryDate: 20180726,
    expiryDateTs: 1532581200000,
    underlying: 'BANKNIFTY',
    open: 16.4,
    low: 12.25,
    high: 20.75,
    close: 19.7,
    type: 2,
    tradeDate: 20180725,
    tradeHour: 110819,
    tradeDateTs: 1532534899000,
    vol: 1764480,
    oi: 477920,
    symbol: 'NFO:BANKNIFTY18JUL26600PE' },
  { expiryDate: 20180726,
    expiryDateTs: 1532581200000,
    underlying: 'BANKNIFTY',
    open: 425.75,
    low: 305.1,
    high: 510.1,
    close: 353.35,
    type: 1,
    tradeDate: 20180725,
    tradeHour: 110819,
    tradeDateTs: 1532534899000,
    vol: 35040,
    oi: 27120,
    symbol: 'NFO:BANKNIFTY18JUL26700CE' },
  { expiryDate: 20180726,
    expiryDateTs: 1532581200000,
    underlying: 'BANKNIFTY',
    open: 25.05,
    low: 18.9,
    high: 32.9,
    close: 28.15,
    type: 2,
    tradeDate: 20180725,
    tradeHour: 110819,
    tradeDateTs: 1532534899000,
    vol: 2239320,
    oi: 512440,
    symbol: 'NFO:BANKNIFTY18JUL26700PE' },
  { expiryDate: 20180726,
    expiryDateTs: 1532581200000,
    underlying: 'BANKNIFTY',
    open: 287.25,
    low: 222.45,
    high: 290.7,
    close: 271.6,
    type: 1,
    tradeDate: 20180725,
    tradeHour: 110819,
    tradeDateTs: 1532534899000,
    vol: 279760,
    oi: 90040,
    symbol: 'NFO:BANKNIFTY18JUL26800CE' },
  { expiryDate: 20180726,
    expiryDateTs: 1532581200000,
    underlying: 'BANKNIFTY',
    open: 21.25,
    low: 21.25,
    high: 51.4,
    close: 42.5,
    type: 2,
    tradeDate: 20180725,
    tradeHour: 110819,
    tradeDateTs: 1532534899000,
    vol: 3366080,
    oi: 874120,
    symbol: 'NFO:BANKNIFTY18JUL26800PE' },
  { expiryDate: 20180726,
    expiryDateTs: 1532581200000,
    underlying: 'BANKNIFTY',
    open: 224,
    low: 155,
    high: 231.85,
    close: 195.05,
    type: 1,
    tradeDate: 20180725,
    tradeHour: 110819,
    tradeDateTs: 1532534899000,
    vol: 704640,
    oi: 244400,
    symbol: 'NFO:BANKNIFTY18JUL26900CE' },
  { expiryDate: 20180726,
    expiryDateTs: 1532581200000,
    underlying: 'BANKNIFTY',
    open: 80.05,
    low: 40.45,
    high: 80.05,
    close: 64.55,
    type: 2,
    tradeDate: 20180725,
    tradeHour: 110819,
    tradeDateTs: 1532534899000,
    vol: 4476720,
    oi: 870280,
    symbol: 'NFO:BANKNIFTY18JUL26900PE' },
  { expiryDate: 20180726,
    expiryDateTs: 1532581200000,
    underlying: 'BANKNIFTY',
    open: 139.5,
    low: 101.65,
    high: 145,
    close: 133.5,
    type: 1,
    tradeDate: 20180725,
    tradeHour: 110819,
    tradeDateTs: 1532534899000,
    vol: 2917320,
    oi: 1047160,
    symbol: 'NFO:BANKNIFTY18JUL27000CE' },
  { expiryDate: 20180726,
    expiryDateTs: 1532581200000,
    underlying: 'BANKNIFTY',
    open: 86.45,
    low: 70.35,
    high: 121.15,
    close: 98.15,
    type: 2,
    tradeDate: 20180725,
    tradeHour: 110819,
    tradeDateTs: 1532534899000,
    vol: 4258560,
    oi: 980200,
    symbol: 'NFO:BANKNIFTY18JUL27000PE' },
  { expiryDate: 20180726,
    expiryDateTs: 1532581200000,
    underlying: 'BANKNIFTY',
    open: 101.5,
    low: 62.75,
    high: 101.55,
    close: 88.8,
    type: 1,
    tradeDate: 20180725,
    tradeHour: 110819,
    tradeDateTs: 1532534899000,
    vol: 4529400,
    oi: 1005560,
    symbol: 'NFO:BANKNIFTY18JUL27100CE' },
  { expiryDate: 20180726,
    expiryDateTs: 1532581200000,
    underlying: 'BANKNIFTY',
    open: 108.95,
    low: 108.95,
    high: 178.7,
    close: 148.25,
    type: 2,
    tradeDate: 20180725,
    tradeHour: 110819,
    tradeDateTs: 1532534899000,
    vol: 1143600,
    oi: 273760,
    symbol: 'NFO:BANKNIFTY18JUL27100PE' },
  { expiryDate: 20180726,
    expiryDateTs: 1532581200000,
    underlying: 'BANKNIFTY',
    open: 60.5,
    low: 40,
    high: 60.8,
    close: 58.8,
    type: 1,
    tradeDate: 20180725,
    tradeHour: 110819,
    tradeDateTs: 1532534899000,
    vol: 4322000,
    oi: 1310360,
    symbol: 'NFO:BANKNIFTY18JUL27200CE' },
  { expiryDate: 20180726,
    expiryDateTs: 1532581200000,
    underlying: 'BANKNIFTY',
    open: 169.15,
    low: 169.15,
    high: 253,
    close: 215.75,
    type: 2,
    tradeDate: 20180725,
    tradeHour: 110819,
    tradeDateTs: 1532534899000,
    vol: 379680,
    oi: 86560,
    symbol: 'NFO:BANKNIFTY18JUL27200PE' },
  { expiryDate: 20180726,
    expiryDateTs: 1532581200000,
    underlying: 'BANKNIFTY',
    open: 34,
    low: 24,
    high: 39.85,
    close: 37.95,
    type: 1,
    tradeDate: 20180725,
    tradeHour: 110819,
    tradeDateTs: 1532534899000,
    vol: 2727880,
    oi: 785440,
    symbol: 'NFO:BANKNIFTY18JUL27300CE' },
  { expiryDate: 20180726,
    expiryDateTs: 1532581200000,
    underlying: 'BANKNIFTY',
    open: 373.75,
    low: 266.25,
    high: 380.75,
    close: 292.5,
    type: 2,
    tradeDate: 20180725,
    tradeHour: 110819,
    tradeDateTs: 1532534899000,
    vol: 92160,
    oi: 25240,
    symbol: 'NFO:BANKNIFTY18JUL27300PE' },
  { expiryDate: 20180726,
    expiryDateTs: 1532581200000,
    underlying: 'BANKNIFTY',
    open: 24.35,
    low: 14,
    high: 24.35,
    close: 25.05,
    type: 1,
    tradeDate: 20180725,
    tradeHour: 110819,
    tradeDateTs: 1532534899000,
    vol: 2265960,
    oi: 572480,
    symbol: 'NFO:BANKNIFTY18JUL27400CE' },
  { expiryDate: 20180726,
    expiryDateTs: 1532581200000,
    underlying: 'BANKNIFTY',
    open: 505.7,
    low: 355,
    high: 529.3,
    close: 380.25,
    type: 2,
    tradeDate: 20180725,
    tradeHour: 110818,
    tradeDateTs: 1532534898000,
    vol: 21280,
    oi: 6920,
    symbol: 'NFO:BANKNIFTY18JUL27400PE' },
  { expiryDate: 20180726,
    expiryDateTs: 1532581200000,
    underlying: 'BANKNIFTY',
    open: 15.85,
    low: 8,
    high: 15.95,
    close: 16.4,
    type: 1,
    tradeDate: 20180725,
    tradeHour: 110819,
    tradeDateTs: 1532534899000,
    vol: 1899400,
    oi: 1084720,
    symbol: 'NFO:BANKNIFTY18JUL27500CE' },
  { expiryDate: 20180726,
    expiryDateTs: 1532581200000,
    underlying: 'BANKNIFTY',
    open: 558.9,
    low: 449.2,
    high: 620.3,
    close: 475.6,
    type: 2,
    tradeDate: 20180725,
    tradeHour: 110819,
    tradeDateTs: 1532534899000,
    vol: 17520,
    oi: 36920,
    symbol: 'NFO:BANKNIFTY18JUL27500PE' },
  { expiryDate: 20180726,
    expiryDateTs: 1532581200000,
    underlying: 'BANKNIFTY',
    open: 9.45,
    low: 4.85,
    high: 9.45,
    close: 10.1,
    type: 1,
    tradeDate: 20180725,
    tradeHour: 110818,
    tradeDateTs: 1532534898000,
    vol: 760040,
    oi: 379640,
    symbol: 'NFO:BANKNIFTY18JUL27600CE' },
  { expiryDate: 20180726,
    expiryDateTs: 1532581200000,
    underlying: 'BANKNIFTY',
    open: 713.85,
    low: 592.1,
    high: 713.9,
    close: 570,
    type: 2,
    tradeDate: 20180725,
    tradeHour: 110817,
    tradeDateTs: 1532534897000,
    vol: 200,
    oi: 200,
    symbol: 'NFO:BANKNIFTY18JUL27600PE' },
  { expiryDate: 20180726,
    expiryDateTs: 1532581200000,
    underlying: 'BANKNIFTY',
    open: 8.3,
    low: 3.2,
    high: 9.3,
    close: 6.75,
    type: 1,
    tradeDate: 20180725,
    tradeHour: 110817,
    tradeDateTs: 1532534897000,
    vol: 541280,
    oi: 226720,
    symbol: 'NFO:BANKNIFTY18JUL27700CE' },
  { expiryDate: 20180726,
    expiryDateTs: 1532581200000,
    underlying: 'BANKNIFTY',
    open: 822.7,
    low: 822.7,
    high: 827.5,
    close: 739.3,
    type: 2,
    tradeDate: 20180725,
    tradeHour: 110817,
    tradeDateTs: 1532534897000,
    vol: 640,
    oi: 80,
    symbol: 'NFO:BANKNIFTY18JUL27700PE' },
  { expiryDate: 20180726,
    expiryDateTs: 1532581200000,
    underlying: 'BANKNIFTY',
    open: 4.5,
    low: 2.45,
    high: 4.5,
    close: 4.95,
    type: 1,
    tradeDate: 20180725,
    tradeHour: 110818,
    tradeDateTs: 1532534898000,
    vol: 323200,
    oi: 152040,
    symbol: 'NFO:BANKNIFTY18JUL27800CE' },
  { expiryDate: 20180726,
    expiryDateTs: 1532581200000,
    underlying: 'BANKNIFTY',
    open: 945.5,
    low: 944.1,
    high: 945.5,
    close: 652.05,
    type: 2,
    tradeDate: 20180725,
    tradeHour: 110815,
    tradeDateTs: 1532534895000,
    vol: 320,
    oi: 320,
    symbol: 'NFO:BANKNIFTY18JUL27800PE' },
  { expiryDate: 20180726,
    expiryDateTs: 1532581200000,
    underlying: 'BANKNIFTY',
    open: 3.8,
    low: 2,
    high: 3.8,
    close: 4,
    type: 1,
    tradeDate: 20180725,
    tradeHour: 110815,
    tradeDateTs: 1532534895000,
    vol: 178600,
    oi: 63240,
    symbol: 'NFO:BANKNIFTY18JUL27900CE' },
  { expiryDate: 20180726,
    expiryDateTs: 1532581200000,
    underlying: 'BANKNIFTY',
    open: 1044.8,
    low: 868.8,
    high: 1044.8,
    close: 726.7,
    type: 2,
    tradeDate: 20180725,
    tradeHour: 110814,
    tradeDateTs: 1532534894000,
    vol: 680,
    oi: 760,
    symbol: 'NFO:BANKNIFTY18JUL27900PE' },
  { expiryDate: 20180726,
    expiryDateTs: 1532581200000,
    underlying: 'BANKNIFTY',
    open: 2.85,
    low: 1.75,
    high: 2.85,
    close: 3.75,
    type: 1,
    tradeDate: 20180725,
    tradeHour: 110816,
    tradeDateTs: 1532534896000,
    vol: 273480,
    oi: 335480,
    symbol: 'NFO:BANKNIFTY18JUL28000CE' },
  { expiryDate: 20180726,
    expiryDateTs: 1532581200000,
    underlying: 'BANKNIFTY',
    open: 1107.25,
    low: 942.85,
    high: 1107.3,
    close: 959.85,
    type: 2,
    tradeDate: 20180725,
    tradeHour: 110819,
    tradeDateTs: 1532534899000,
    vol: 6360,
    oi: 24000,
    symbol: 'NFO:BANKNIFTY18JUL28000PE' },
  { expiryDate: 20180726,
    expiryDateTs: 1532581200000,
    underlying: 'BANKNIFTY',
    open: 2.9,
    low: 1.35,
    high: 2.9,
    close: 3.3,
    type: 1,
    tradeDate: 20180725,
    tradeHour: 110810,
    tradeDateTs: 1532534890000,
    vol: 33600,
    oi: 22680,
    symbol: 'NFO:BANKNIFTY18JUL28100CE' },
  { expiryDate: 20180726,
    expiryDateTs: 1532581200000,
    underlying: 'BANKNIFTY',
    open: 0,
    low: 0,
    high: 0,
    close: 1030.55,
    type: 2,
    tradeDate: 20180725,
    tradeHour: 110500,
    tradeDateTs: 1532534700000,
    vol: 0,
    oi: 0,
    symbol: 'NFO:BANKNIFTY18JUL28100PE' },
  { expiryDate: 20180726,
    expiryDateTs: 1532581200000,
    underlying: 'BANKNIFTY',
    open: 0.9,
    low: 0.8,
    high: 2.45,
    close: 3,
    type: 1,
    tradeDate: 20180725,
    tradeHour: 110812,
    tradeDateTs: 1532534892000,
    vol: 10200,
    oi: 16320,
    symbol: 'NFO:BANKNIFTY18JUL28200CE' },
  { expiryDate: 20180726,
    expiryDateTs: 1532581200000,
    underlying: 'BANKNIFTY',
    open: 0,
    low: 0,
    high: 0,
    close: 1477.35,
    type: 2,
    tradeDate: 20180725,
    tradeHour: 110709,
    tradeDateTs: 1532534829000,
    vol: 0,
    oi: 0,
    symbol: 'NFO:BANKNIFTY18JUL28200PE' },
  { expiryDate: 20180726,
    expiryDateTs: 1532581200000,
    underlying: 'BANKNIFTY',
    open: 2.05,
    low: 1.15,
    high: 2.35,
    close: 2.9,
    type: 1,
    tradeDate: 20180725,
    tradeHour: 110809,
    tradeDateTs: 1532534889000,
    vol: 15000,
    oi: 7520,
    symbol: 'NFO:BANKNIFTY18JUL28300CE' },
  { expiryDate: 20180726,
    expiryDateTs: 1532581200000,
    underlying: 'BANKNIFTY',
    open: 0,
    low: 0,
    high: 0,
    close: 1425.25,
    type: 2,
    tradeDate: 20180725,
    tradeHour: 105950,
    tradeDateTs: 1532534390000,
    vol: 0,
    oi: 0,
    symbol: 'NFO:BANKNIFTY18JUL28300PE' },
  { expiryDate: 20180726,
    expiryDateTs: 1532581200000,
    underlying: 'BANKNIFTY',
    open: 0,
    low: 0,
    high: 0,
    close: 381.75,
    type: 1,
    tradeDate: 20180725,
    tradeHour: 104545,
    tradeDateTs: 1532533545000,
    vol: 0,
    oi: 0,
    symbol: 'NFO:BANKNIFTY18JUL28400CE' },
  { expiryDate: 20180726,
    expiryDateTs: 1532581200000,
    underlying: 'BANKNIFTY',
    open: 0,
    low: 0,
    high: 0,
    close: 1495.45,
    type: 2,
    tradeDate: 20180725,
    tradeHour: 103313,
    tradeDateTs: 1532532793000,
    vol: 0,
    oi: 0,
    symbol: 'NFO:BANKNIFTY18JUL28400PE' },
  { expiryDate: 20180726,
    expiryDateTs: 1532581200000,
    underlying: 'BANKNIFTY',
    open: 27077.7,
    low: 26980.25,
    high: 27089,
    close: 27031.05,
    type: 0,
    tradeDate: 20180725,
    tradeHour: 110819,
    tradeDateTs: 1532534899000,
    vol: 745240,
    oi: 1517400,
    symbol: 'NFO:BANKNIFTY18JULFUT' } ]
Inserting  94
Data inserted !! 94
Data inserted !!
Polling ...
